<?xml version="1.0" encoding="UTF-8" ?>
<testsuite failures="0" time="3.464" errors="0" skipped="0" tests="12" name="org.apache.oodt.cas.workflow.repository.TestWorkflowRepository">
  <properties>
[...]
</properties>
  <testcase time="0.002" name="testGetWorkflowByName"/>
  <testcase time="0" name="testGetWorkflowById"/>
  <testcase time="0" name="testGetWorkflows"/>
  <testcase time="0" name="testGetWorkflowsForEvent"/>
  <testcase time="0" name="testGetTasksByWorkflowId"/>
  <testcase time="0" name="testGetTasksByWorkflowName"/>
  <testcase time="0" name="testGetConditionsByTaskId"/>
  <testcase time="0" name="testGetConditionsByTaskName"/>
  <testcase time="0" name="testGetConfigurationByTaskId"/>
  <testcase time="0" name="testEnvVarReplaceConfigProperties"/>
  <testcase time="0" name="testMultipleConditions"/>
  <testcase time="0.004" name="testConditionsConfiguration"/>
</testsuite>